e:\personal-project\gh0st\gh0st\output\debug\gh0st_server\vc120.pdb
e:\personal-project\gh0st\gh0st\output\debug\gh0st_server\inputdlg.obj
e:\personal-project\gh0st\gh0st\output\debug\gh0st_server\inifile.obj
e:\personal-project\gh0st\gh0st\output\debug\gh0st_server\hoveredit.obj
e:\personal-project\gh0st\gh0st\output\debug\gh0st_server\guanyu.obj
e:\personal-project\gh0st\gh0st\output\debug\gh0st_server\gh0stview.obj
e:\personal-project\gh0st\gh0st\output\debug\gh0st_server\gh0stdoc.obj
e:\personal-project\gh0st\gh0st\output\debug\gh0st_server\gh0st.obj
e:\personal-project\gh0st\gh0st\output\debug\gh0st_server\gengxin.obj
e:\personal-project\gh0st\gh0st\output\debug\gh0st_server\filetransfermodedlg.obj
e:\personal-project\gh0st\gh0st\output\debug\gh0st_server\filemanagerdlg.obj
e:\personal-project\gh0st\gh0st\output\debug\gh0st_server\endecode.obj
e:\personal-project\gh0st\gh0st\output\debug\gh0st_server\ddos.obj
e:\personal-project\gh0st\gh0st\output\debug\gh0st_server\customtabctrl.obj
e:\personal-project\gh0st\gh0st\output\debug\gh0st_server\cpuusage.obj
e:\personal-project\gh0st\gh0st\output\debug\gh0st_server\buffer.obj
e:\personal-project\gh0st\gh0st\output\debug\gh0st_server\encodingutil.obj
e:\personal-project\gh0st\gh0st\output\debug\gh0st_server\btnst.obj
e:\personal-project\gh0st\gh0st\output\debug\gh0st_server\bmptoavi.obj
e:\personal-project\gh0st\gh0st\output\debug\gh0st_server\audiodlg.obj
e:\personal-project\gh0st\gh0st\output\debug\gh0st_server\audio.obj
e:\personal-project\gh0st\gh0st\output\debug\gh0st_server\winxpbuttonst.obj
e:\personal-project\gh0st\gh0st\output\debug\gh0st_server\webcamdlg.obj
e:\personal-project\gh0st\gh0st\output\debug\gh0st_server\truecolortoolbar.obj
e:\personal-project\gh0st\gh0st\output\debug\gh0st_server\trayicon.obj
e:\personal-project\gh0st\gh0st\output\debug\gh0st_server\themeutil.obj
e:\personal-project\gh0st\gh0st\output\debug\gh0st_server\tabsdiframewnd.obj
e:\personal-project\gh0st\gh0st\output\debug\gh0st_server\systemdlg.obj
e:\personal-project\gh0st\gh0st\output\debug\gh0st_server\stdafx.obj
e:\personal-project\gh0st\gh0st\output\debug\gh0st_server\splashscreenex.obj
e:\personal-project\gh0st\gh0st\output\debug\gh0st_server\shelldlg.obj
e:\personal-project\gh0st\gh0st\output\debug\gh0st_server\seu_qqwry.obj
e:\personal-project\gh0st\gh0st\output\debug\gh0st_server\settingsview.obj
e:\personal-project\gh0st\gh0st\output\debug\gh0st_server\screenspydlg.obj
e:\personal-project\gh0st\gh0st\output\debug\gh0st_server\mainfrm.obj
e:\personal-project\gh0st\gh0st\output\debug\gh0st_server\login.obj
e:\personal-project\gh0st\gh0st\output\debug\gh0st_server\keyboarddlg.obj
e:\personal-project\gh0st\gh0st\output\debug\gh0st_server\iocpserver.obj
e:\personal-project\gh0st\gh0st\output\debug\bin\gh0st_server.ilk
e:\personal-project\gh0st\gh0st\output\debug\bin\gh0st_server.exe
e:\personal-project\gh0st\gh0st\output\debug\bin\gh0st_server.pdb
e:\personal-project\gh0st\gh0st\output\debug\gh0st_server\gh0st.res
e:\personal-project\gh0st\gh0st\gh0st_client_gh0st\..\output\debug\bin\gh0st_server.exe
e:\personal-project\gh0st\gh0st\output\debug\gh0st_server\gh0st_server.tlog\cl.command.1.tlog
e:\personal-project\gh0st\gh0st\output\debug\gh0st_server\gh0st_server.tlog\cl.read.1.tlog
e:\personal-project\gh0st\gh0st\output\debug\gh0st_server\gh0st_server.tlog\cl.write.1.tlog
e:\personal-project\gh0st\gh0st\output\debug\gh0st_server\gh0st_server.tlog\link.command.1.tlog
e:\personal-project\gh0st\gh0st\output\debug\gh0st_server\gh0st_server.tlog\link.read.1.tlog
e:\personal-project\gh0st\gh0st\output\debug\gh0st_server\gh0st_server.tlog\link.write.1.tlog
e:\personal-project\gh0st\gh0st\output\debug\gh0st_server\gh0st_server.tlog\rc.command.1.tlog
e:\personal-project\gh0st\gh0st\output\debug\gh0st_server\gh0st_server.tlog\rc.read.1.tlog
e:\personal-project\gh0st\gh0st\output\debug\gh0st_server\gh0st_server.tlog\rc.write.1.tlog
