  Audio.cpp
  Automatically linking with CJ60Libd.dll
  AudioDlg.cpp
  Automatically linking with CJ60Libd.dll
  BmpToAvi.cpp
  Automatically linking with CJ60Libd.dll
  BtnST.cpp
  Automatically linking with CJ60Libd.dll
  EncodingUtil.cpp
  Automatically linking with CJ60Libd.dll
  Buffer.cpp
  Automatically linking with CJ60Libd.dll
  CpuUsage.cpp
  Automatically linking with CJ60Libd.dll
  CustomTabCtrl.cpp
  Automatically linking with CJ60Libd.dll
  DDOS.cpp
  Automatically linking with CJ60Libd.dll
  EnDeCode.cpp
  Automatically linking with CJ60Libd.dll
  FileManagerDlg.cpp
  Automatically linking with CJ60Libd.dll
  FileTransferModeDlg.cpp
  Automatically linking with CJ60Libd.dll
  GENGXIN.cpp
  Automatically linking with CJ60Libd.dll
  gh0st.cpp
  Automatically linking with CJ60Libd.dll
  gh0stDoc.cpp
  Automatically linking with CJ60Libd.dll
  gh0stView.cpp
  Automatically linking with CJ60Libd.dll
  GUANYU.cpp
  Automatically linking with CJ60Libd.dll
  HoverEdit.cpp
  Automatically linking with CJ60Libd.dll
  IniFile.cpp
  Automatically linking with CJ60Libd.dll
  InputDlg.cpp
  Automatically linking with CJ60Libd.dll
  正在生成代码...
  正在编译...
  IOCPServer.cpp
  Automatically linking with CJ60Libd.dll
  KeyBoardDlg.cpp
  Automatically linking with CJ60Libd.dll
  LOGIN.cpp
  Automatically linking with CJ60Libd.dll
  MainFrm.cpp
  Automatically linking with CJ60Libd.dll
  ScreenSpyDlg.cpp
  Automatically linking with CJ60Libd.dll
  SettingsView.cpp
  Automatically linking with CJ60Libd.dll
  SEU_QQwry.cpp
  Automatically linking with CJ60Libd.dll
  ShellDlg.cpp
  Automatically linking with CJ60Libd.dll
  SplashScreenEx.cpp
  Automatically linking with CJ60Libd.dll
  StdAfx.cpp
  Automatically linking with CJ60Libd.dll
  SystemDlg.cpp
  Automatically linking with CJ60Libd.dll
  TabSDIFrameWnd.cpp
  Automatically linking with CJ60Libd.dll
  ThemeUtil.cpp
  Automatically linking with CJ60Libd.dll
  TrayIcon.cpp
  Automatically linking with CJ60Libd.dll
  TrueColorToolBar.cpp
  Automatically linking with CJ60Libd.dll
  WebCamDlg.cpp
  Automatically linking with CJ60Libd.dll
  WinXPButtonST.cpp
  Automatically linking with CJ60Libd.dll
  正在生成代码...
LINK : warning LNK4098: 默认库“msvcrt.lib”与其他库的使用冲突；请使用 /NODEFAULTLIB:library
LINK : warning LNK4098: 默认库“LIBCMT”与其他库的使用冲突；请使用 /NODEFAULTLIB:library
  gh0st.vcxproj -> E:\gh0st\Gh0st_Client_Gh0st\..\Output\Debug\bin\gh0st_server.exe
