e:\personal-project\gh0st\gh0st\output\debug\gh0st_client\vc120.pdb
e:\personal-project\gh0st\gh0st\output\debug\gh0st_client\videomanager.obj
e:\personal-project\gh0st\gh0st\output\debug\gh0st_client\videocap.obj
e:\personal-project\gh0st\gh0st\output\debug\gh0st_client\until.obj
e:\personal-project\gh0st\gh0st\output\debug\gh0st_client\systemmanager.obj
e:\personal-project\gh0st\gh0st\output\debug\gh0st_client\svchost.obj
e:\personal-project\gh0st\gh0st\output\debug\gh0st_client\shellmanager.obj
e:\personal-project\gh0st\gh0st\output\debug\gh0st_client\screenspy.obj
e:\personal-project\gh0st\gh0st\output\debug\gh0st_client\screenmanager.obj
e:\personal-project\gh0st\gh0st\output\debug\gh0st_client\regeditex.obj
e:\personal-project\gh0st\gh0st\output\debug\gh0st_client\manager.obj
e:\personal-project\gh0st\gh0st\output\debug\gh0st_client\keyboardmanager.obj
e:\personal-project\gh0st\gh0st\output\debug\gh0st_client\kernelmanager.obj
e:\personal-project\gh0st\gh0st\output\debug\gh0st_client\install.obj
e:\personal-project\gh0st\gh0st\output\debug\gh0st_client\filemanager.obj
e:\personal-project\gh0st\gh0st\output\debug\gh0st_client\encodingutil.obj
e:\personal-project\gh0st\gh0st\output\debug\gh0st_client\dialupass.obj
e:\personal-project\gh0st\gh0st\output\debug\gh0st_client\clientsocket.obj
e:\personal-project\gh0st\gh0st\output\debug\gh0st_client\buffer.obj
e:\personal-project\gh0st\gh0st\output\debug\gh0st_client\audiomanager.obj
e:\personal-project\gh0st\gh0st\output\debug\gh0st_client\audio.obj
e:\personal-project\gh0st\gh0st\output\debug\gh0st_client\gh0st_client.tlog\cl.command.1.tlog
e:\personal-project\gh0st\gh0st\output\debug\gh0st_client\gh0st_client.tlog\cl.read.1.tlog
e:\personal-project\gh0st\gh0st\output\debug\gh0st_client\gh0st_client.tlog\cl.write.1.tlog
