  Audio.cpp
  Automatically linking with CJ60StaticLibd.lib
  AudioManager.cpp
  Buffer.cpp
  ClientSocket.cpp
  Dialupass.cpp
  EncodingUtil.cpp
  FileManager.cpp
  install.cpp
  KernelManager.cpp
  KeyboardManager.cpp
e:\gh0st\gh0st_server_svchost\common\keyboardmanager.cpp(454): warning C4405: “Ret”: 标识符是保留字
e:\gh0st\gh0st_server_svchost\common\keyboardmanager.cpp(536): warning C4405: “Ret”: 标识符是保留字
e:\gh0st\gh0st_server_svchost\common\keyboardmanager.cpp(636): warning C4172: 返回局部变量或临时变量的地址
  Manager.cpp
  RegEditEx.cpp
  ScreenManager.cpp
  ScreenSpy.cpp
  ShellManager.cpp
  svchost.cpp
  SystemManager.cpp
  until.cpp
e:\gh0st\gh0st_server_svchost\common\until.cpp(157): warning C4532: “return”: 在终止处理期间从 __finally 块跳出的行为未定义
  VideoCap.cpp
  VideoManager.cpp
  正在生成代码...
     正在创建库 ../Output/debug/bin/gh0st_client.lib 和对象 ../Output/debug/bin/gh0st_client.exp
  svchost.vcxproj -> E:\gh0st\Gh0st_Server_Svchost\../Output/debug/bin/gh0st_client.exe
