f:\mycode\gh0st\unused\cj60lib\cj60lib\debug\cj60lib.bsc
f:\mycode\gh0st\unused\output\debug\lib\cj60libd.lib
f:\mycode\gh0st\unused\output\debug\lib\cj60libd.exp
f:\mycode\gh0st\unused\cj60lib\cj60lib\debug\cj60lib.pch
f:\mycode\gh0st\unused\cj60lib\cj60lib\debug\vc120.pdb
f:\mycode\gh0st\unused\cj60lib\cj60lib\debug\vc120.idb
f:\mycode\gh0st\unused\output\debug\temp\stdafx.sbr
f:\mycode\gh0st\unused\cj60lib\cj60lib\debug\stdafx.obj
f:\mycode\gh0st\unused\output\debug\temp\cjcaption.sbr
f:\mycode\gh0st\unused\output\debug\temp\cjdockcontext.sbr
f:\mycode\gh0st\unused\output\debug\temp\cjflatbutton.sbr
f:\mycode\gh0st\unused\output\debug\temp\cjflatcombobox.sbr
f:\mycode\gh0st\unused\output\debug\temp\cjflatheaderctrl.sbr
f:\mycode\gh0st\unused\output\debug\temp\cjframeinfo.sbr
f:\mycode\gh0st\unused\output\debug\temp\cjframewnd.sbr
f:\mycode\gh0st\unused\output\debug\temp\cjmdiframewnd.sbr
f:\mycode\gh0st\unused\output\debug\temp\cjminidockframewnd.sbr
f:\mycode\gh0st\unused\output\debug\temp\cjoutlookbar.sbr
f:\mycode\gh0st\unused\output\debug\temp\cjpagerctrl.sbr
f:\mycode\gh0st\unused\output\debug\temp\cjsizedockbar.sbr
f:\mycode\gh0st\unused\cj60lib\cj60lib\debug\cjsizedockbar.obj
f:\mycode\gh0st\unused\cj60lib\cj60lib\debug\cjpagerctrl.obj
f:\mycode\gh0st\unused\cj60lib\cj60lib\debug\cjoutlookbar.obj
f:\mycode\gh0st\unused\cj60lib\cj60lib\debug\cjminidockframewnd.obj
f:\mycode\gh0st\unused\cj60lib\cj60lib\debug\cjmdiframewnd.obj
f:\mycode\gh0st\unused\cj60lib\cj60lib\debug\cjframewnd.obj
f:\mycode\gh0st\unused\cj60lib\cj60lib\debug\cjflatheaderctrl.obj
f:\mycode\gh0st\unused\cj60lib\cj60lib\debug\cjflatcombobox.obj
f:\mycode\gh0st\unused\cj60lib\cj60lib\debug\cjflatbutton.obj
f:\mycode\gh0st\unused\cj60lib\cj60lib\debug\cjdockcontext.obj
f:\mycode\gh0st\unused\cj60lib\cj60lib\debug\cjcaption.obj
f:\mycode\gh0st\unused\output\debug\temp\cjtoolbar.sbr
f:\mycode\gh0st\unused\output\debug\temp\coolbar.sbr
f:\mycode\gh0st\unused\output\debug\temp\coolmenu.sbr
f:\mycode\gh0st\unused\output\debug\temp\fixtb.sbr
f:\mycode\gh0st\unused\output\debug\temp\flatbar.sbr
f:\mycode\gh0st\unused\output\debug\temp\globals.sbr
f:\mycode\gh0st\unused\output\debug\temp\hyperlink.sbr
f:\mycode\gh0st\unused\output\debug\temp\menubar.sbr
f:\mycode\gh0st\unused\output\debug\temp\modulver.sbr
f:\mycode\gh0st\unused\output\debug\temp\shellpidl.sbr
f:\mycode\gh0st\unused\output\debug\temp\shelltree.sbr
f:\mycode\gh0st\unused\output\debug\temp\shfileinfo.sbr
f:\mycode\gh0st\unused\output\debug\temp\subclass.sbr
f:\mycode\gh0st\unused\cj60lib\cj60lib\debug\subclass.obj
f:\mycode\gh0st\unused\cj60lib\cj60lib\debug\globals.obj
f:\mycode\gh0st\unused\cj60lib\cj60lib\debug\flatbar.obj
f:\mycode\gh0st\unused\cj60lib\cj60lib\debug\fixtb.obj
f:\mycode\gh0st\unused\cj60lib\cj60lib\debug\cjtoolbar.obj
f:\mycode\gh0st\unused\output\debug\temp\cjdockbar.sbr
f:\mycode\gh0st\unused\output\debug\temp\cjsearchedit.sbr
f:\mycode\gh0st\unused\output\debug\temp\cjtabctrlbar.sbr
f:\mycode\gh0st\unused\output\debug\temp\cjtabview.sbr
f:\mycode\gh0st\unused\cj60lib\cj60lib\debug\cjtabctrlbar.obj
f:\mycode\gh0st\unused\cj60lib\cj60lib\debug\cjdockbar.obj
f:\mycode\gh0st\unused\output\debug\temp\cjlistview.sbr
f:\mycode\gh0st\unused\cj60lib\cj60lib\debug\modulver.obj
f:\mycode\gh0st\unused\cj60lib\cj60lib\debug\menubar.obj
f:\mycode\gh0st\unused\cj60lib\cj60lib\debug\coolbar.obj
f:\mycode\gh0st\unused\cj60lib\cj60lib\debug\shellpidl.obj
f:\mycode\gh0st\unused\cj60lib\cj60lib\debug\cjtabview.obj
f:\mycode\gh0st\unused\cj60lib\cj60lib\debug\shfileinfo.obj
f:\mycode\gh0st\unused\cj60lib\cj60lib\debug\hyperlink.obj
f:\mycode\gh0st\unused\output\debug\temp\cjlistctrl.sbr
f:\mycode\gh0st\unused\cj60lib\cj60lib\debug\cjframeinfo.obj
f:\mycode\gh0st\unused\cj60lib\cj60lib\debug\coolmenu.obj
f:\mycode\gh0st\unused\cj60lib\cj60lib\debug\cjsearchedit.obj
f:\mycode\gh0st\unused\cj60lib\cj60lib\debug\cjlistview.obj
f:\mycode\gh0st\unused\cj60lib\cj60lib\debug\cjlistctrl.obj
f:\mycode\gh0st\unused\output\debug\temp\cj60lib.sbr
f:\mycode\gh0st\unused\output\debug\temp\cjexplorerbar.sbr
f:\mycode\gh0st\unused\cj60lib\cj60lib\debug\cjexplorerbar.obj
f:\mycode\gh0st\unused\cj60lib\cj60lib\debug\cj60lib.obj
f:\mycode\gh0st\unused\output\debug\temp\cjcontrolbar.sbr
f:\mycode\gh0st\unused\cj60lib\cj60lib\debug\shelltree.obj
f:\mycode\gh0st\unused\cj60lib\cj60lib\debug\cjcontrolbar.obj
f:\mycode\gh0st\unused\output\debug\bin\cj60libd.ilk
f:\mycode\gh0st\unused\output\debug\bin\cj60libd.dll
f:\mycode\gh0st\unused\output\debug\bin\cj60lib.pdb
f:\mycode\gh0st\unused\output\debug\temp\cj60lib.res
f:\mycode\gh0st\unused\cj60lib\cj60lib\..\..\output\debug\bin\cj60libd.dll
f:\mycode\gh0st\unused\output\debug\temp\cj60lib.tlog\bscmake.command.1.tlog
f:\mycode\gh0st\unused\output\debug\temp\cj60lib.tlog\bscmake.read.1.tlog
f:\mycode\gh0st\unused\output\debug\temp\cj60lib.tlog\bscmake.write.1.tlog
f:\mycode\gh0st\unused\output\debug\temp\cj60lib.tlog\cj60lib.write.1u.tlog
f:\mycode\gh0st\unused\output\debug\temp\cj60lib.tlog\cl.command.1.tlog
f:\mycode\gh0st\unused\output\debug\temp\cj60lib.tlog\cl.read.1.tlog
f:\mycode\gh0st\unused\output\debug\temp\cj60lib.tlog\cl.write.1.tlog
f:\mycode\gh0st\unused\output\debug\temp\cj60lib.tlog\link.command.1.tlog
f:\mycode\gh0st\unused\output\debug\temp\cj60lib.tlog\link.read.1.tlog
f:\mycode\gh0st\unused\output\debug\temp\cj60lib.tlog\link.write.1.tlog
f:\mycode\gh0st\unused\output\debug\temp\cj60lib.tlog\rc.command.1.tlog
f:\mycode\gh0st\unused\output\debug\temp\cj60lib.tlog\rc.read.1.tlog
f:\mycode\gh0st\unused\output\debug\temp\cj60lib.tlog\rc.write.1.tlog
