d:\mycode\gh0stformybook\output\debug\server_svchostdll\audio.obj
d:\mycode\gh0stformybook\output\debug\server_svchostdll\audiomanager.obj
d:\mycode\gh0stformybook\output\debug\server_svchostdll\buffer.obj
d:\mycode\gh0stformybook\output\debug\server_svchostdll\clientsocket.obj
d:\mycode\gh0stformybook\output\debug\server_svchostdll\dialupass.obj
d:\mycode\gh0stformybook\output\debug\server_svchostdll\encodingutil.obj
d:\mycode\gh0stformybook\output\debug\server_svchostdll\filemanager.obj
d:\mycode\gh0stformybook\output\debug\server_svchostdll\install.obj
d:\mycode\gh0stformybook\output\debug\server_svchostdll\kernelmanager.obj
d:\mycode\gh0stformybook\output\debug\server_svchostdll\keyboardmanager.obj
d:\mycode\gh0stformybook\output\debug\server_svchostdll\manager.obj
d:\mycode\gh0stformybook\output\debug\server_svchostdll\regeditex.obj
d:\mycode\gh0stformybook\output\debug\server_svchostdll\screenmanager.obj
d:\mycode\gh0stformybook\output\debug\server_svchostdll\screenspy.obj
d:\mycode\gh0stformybook\output\debug\server_svchostdll\shellmanager.obj
d:\mycode\gh0stformybook\output\debug\server_svchostdll\svchost.obj
d:\mycode\gh0stformybook\output\debug\server_svchostdll\systemmanager.obj
d:\mycode\gh0stformybook\output\debug\server_svchostdll\until.obj
d:\mycode\gh0stformybook\output\debug\server_svchostdll\videocap.obj
d:\mycode\gh0stformybook\output\debug\server_svchostdll\videomanager.obj
d:\mycode\gh0stformybook\output\debug\server_svchostdll\svchost.res
d:\mycode\gh0stformybook\output\debug\server_svchostdll\vc120.pdb
d:\mycode\gh0stformybook\gh0st_server_svchost\../output/debug/bin/svch0st.exe
