d:\mycode\gh0stformybook\output\debug\client_gh0stexe\audio.obj
d:\mycode\gh0stformybook\output\debug\client_gh0stexe\audiodlg.obj
d:\mycode\gh0stformybook\output\debug\client_gh0stexe\bmptoavi.obj
d:\mycode\gh0stformybook\output\debug\client_gh0stexe\btnst.obj
d:\mycode\gh0stformybook\output\debug\client_gh0stexe\buffer.obj
d:\mycode\gh0stformybook\output\debug\client_gh0stexe\cpuusage.obj
d:\mycode\gh0stformybook\output\debug\client_gh0stexe\customtabctrl.obj
d:\mycode\gh0stformybook\output\debug\client_gh0stexe\ddos.obj
d:\mycode\gh0stformybook\output\debug\client_gh0stexe\encodingutil.obj
d:\mycode\gh0stformybook\output\debug\client_gh0stexe\endecode.obj
d:\mycode\gh0stformybook\output\debug\client_gh0stexe\filemanagerdlg.obj
d:\mycode\gh0stformybook\output\debug\client_gh0stexe\filetransfermodedlg.obj
d:\mycode\gh0stformybook\output\debug\client_gh0stexe\gengxin.obj
d:\mycode\gh0stformybook\output\debug\client_gh0stexe\gh0st.obj
d:\mycode\gh0stformybook\output\debug\client_gh0stexe\gh0stdoc.obj
d:\mycode\gh0stformybook\output\debug\client_gh0stexe\gh0stview.obj
d:\mycode\gh0stformybook\output\debug\client_gh0stexe\guanyu.obj
d:\mycode\gh0stformybook\output\debug\client_gh0stexe\hoveredit.obj
d:\mycode\gh0stformybook\output\debug\client_gh0stexe\inifile.obj
d:\mycode\gh0stformybook\output\debug\client_gh0stexe\inputdlg.obj
d:\mycode\gh0stformybook\output\debug\client_gh0stexe\iocpserver.obj
d:\mycode\gh0stformybook\output\debug\client_gh0stexe\keyboarddlg.obj
d:\mycode\gh0stformybook\output\debug\client_gh0stexe\login.obj
d:\mycode\gh0stformybook\output\debug\client_gh0stexe\mainfrm.obj
d:\mycode\gh0stformybook\output\debug\client_gh0stexe\screenspydlg.obj
d:\mycode\gh0stformybook\output\debug\client_gh0stexe\settingsview.obj
d:\mycode\gh0stformybook\output\debug\client_gh0stexe\seu_qqwry.obj
d:\mycode\gh0stformybook\output\debug\client_gh0stexe\shelldlg.obj
d:\mycode\gh0stformybook\output\debug\client_gh0stexe\splashscreenex.obj
d:\mycode\gh0stformybook\output\debug\client_gh0stexe\stdafx.obj
d:\mycode\gh0stformybook\output\debug\client_gh0stexe\systemdlg.obj
d:\mycode\gh0stformybook\output\debug\client_gh0stexe\tabsdiframewnd.obj
d:\mycode\gh0stformybook\output\debug\client_gh0stexe\themeutil.obj
d:\mycode\gh0stformybook\output\debug\client_gh0stexe\trayicon.obj
d:\mycode\gh0stformybook\output\debug\client_gh0stexe\truecolortoolbar.obj
d:\mycode\gh0stformybook\output\debug\client_gh0stexe\webcamdlg.obj
d:\mycode\gh0stformybook\output\debug\client_gh0stexe\winxpbuttonst.obj
d:\mycode\gh0stformybook\output\debug\client_gh0stexe\gh0st.res
d:\mycode\gh0stformybook\output\debug\client_gh0stexe\vc120.pdb
d:\mycode\gh0stformybook\gh0st_client_gh0st\..\output\debug\bin\gh0st.exe
