f:\mycode\gh0st\unused\cj60lib\cj60lib\debug\cj60lib.bsc
f:\mycode\gh0st\unused\output\debug\lib\cj60libd.lib
f:\mycode\gh0st\unused\output\debug\lib\cj60libd.exp
f:\mycode\gh0st\unused\cj60lib\cj60lib\debug\cj60lib.pch
f:\mycode\gh0st\unused\cj60lib\cj60lib\debug\vc120.pdb
f:\mycode\gh0st\unused\cj60lib\cj60lib\debug\vc120.idb
f:\mycode\gh0st\unused\cj60lib\cj60lib\debug\stdafx.sbr
f:\mycode\gh0st\unused\cj60lib\cj60lib\debug\stdafx.obj
f:\mycode\gh0st\unused\cj60lib\cj60lib\debug\cj60lib.sbr
f:\mycode\gh0st\unused\cj60lib\cj60lib\debug\cjcaption.sbr
f:\mycode\gh0st\unused\cj60lib\cj60lib\debug\cjcontrolbar.sbr
f:\mycode\gh0st\unused\cj60lib\cj60lib\debug\cjdockbar.sbr
f:\mycode\gh0st\unused\cj60lib\cj60lib\debug\cjdockcontext.sbr
f:\mycode\gh0st\unused\cj60lib\cj60lib\debug\cjexplorerbar.sbr
f:\mycode\gh0st\unused\cj60lib\cj60lib\debug\cjflatbutton.sbr
f:\mycode\gh0st\unused\cj60lib\cj60lib\debug\cjflatcombobox.sbr
f:\mycode\gh0st\unused\cj60lib\cj60lib\debug\cjflatheaderctrl.sbr
f:\mycode\gh0st\unused\cj60lib\cj60lib\debug\cjframeinfo.sbr
f:\mycode\gh0st\unused\cj60lib\cj60lib\debug\cjframewnd.sbr
f:\mycode\gh0st\unused\cj60lib\cj60lib\debug\cjlistctrl.sbr
f:\mycode\gh0st\unused\cj60lib\cj60lib\debug\cjlistview.sbr
f:\mycode\gh0st\unused\cj60lib\cj60lib\debug\cjmdiframewnd.sbr
f:\mycode\gh0st\unused\cj60lib\cj60lib\debug\cjminidockframewnd.sbr
f:\mycode\gh0st\unused\cj60lib\cj60lib\debug\cjoutlookbar.sbr
f:\mycode\gh0st\unused\cj60lib\cj60lib\debug\cjpagerctrl.sbr
f:\mycode\gh0st\unused\cj60lib\cj60lib\debug\cjsearchedit.sbr
f:\mycode\gh0st\unused\cj60lib\cj60lib\debug\cjsizedockbar.sbr
f:\mycode\gh0st\unused\cj60lib\cj60lib\debug\cjtabctrlbar.sbr
f:\mycode\gh0st\unused\cj60lib\cj60lib\debug\cjtabctrlbar.obj
f:\mycode\gh0st\unused\cj60lib\cj60lib\debug\cjsizedockbar.obj
f:\mycode\gh0st\unused\cj60lib\cj60lib\debug\cjsearchedit.obj
f:\mycode\gh0st\unused\cj60lib\cj60lib\debug\cjpagerctrl.obj
f:\mycode\gh0st\unused\cj60lib\cj60lib\debug\cjoutlookbar.obj
f:\mycode\gh0st\unused\cj60lib\cj60lib\debug\cjminidockframewnd.obj
f:\mycode\gh0st\unused\cj60lib\cj60lib\debug\cjmdiframewnd.obj
f:\mycode\gh0st\unused\cj60lib\cj60lib\debug\cjlistview.obj
f:\mycode\gh0st\unused\cj60lib\cj60lib\debug\cjlistctrl.obj
f:\mycode\gh0st\unused\cj60lib\cj60lib\debug\cjframewnd.obj
f:\mycode\gh0st\unused\cj60lib\cj60lib\debug\cjframeinfo.obj
f:\mycode\gh0st\unused\cj60lib\cj60lib\debug\cjflatheaderctrl.obj
f:\mycode\gh0st\unused\cj60lib\cj60lib\debug\cjflatcombobox.obj
f:\mycode\gh0st\unused\cj60lib\cj60lib\debug\cjflatbutton.obj
f:\mycode\gh0st\unused\cj60lib\cj60lib\debug\cjexplorerbar.obj
f:\mycode\gh0st\unused\cj60lib\cj60lib\debug\cjdockcontext.obj
f:\mycode\gh0st\unused\cj60lib\cj60lib\debug\cjdockbar.obj
f:\mycode\gh0st\unused\cj60lib\cj60lib\debug\cjcontrolbar.obj
f:\mycode\gh0st\unused\cj60lib\cj60lib\debug\cjcaption.obj
f:\mycode\gh0st\unused\cj60lib\cj60lib\debug\cj60lib.obj
f:\mycode\gh0st\unused\cj60lib\cj60lib\debug\cjtabview.sbr
f:\mycode\gh0st\unused\cj60lib\cj60lib\debug\cjtoolbar.sbr
f:\mycode\gh0st\unused\cj60lib\cj60lib\debug\coolbar.sbr
f:\mycode\gh0st\unused\cj60lib\cj60lib\debug\coolmenu.sbr
f:\mycode\gh0st\unused\cj60lib\cj60lib\debug\fixtb.sbr
f:\mycode\gh0st\unused\cj60lib\cj60lib\debug\flatbar.sbr
f:\mycode\gh0st\unused\cj60lib\cj60lib\debug\globals.sbr
f:\mycode\gh0st\unused\cj60lib\cj60lib\debug\hyperlink.sbr
f:\mycode\gh0st\unused\cj60lib\cj60lib\debug\menubar.sbr
f:\mycode\gh0st\unused\cj60lib\cj60lib\debug\modulver.sbr
f:\mycode\gh0st\unused\cj60lib\cj60lib\debug\shellpidl.sbr
f:\mycode\gh0st\unused\cj60lib\cj60lib\debug\shelltree.sbr
f:\mycode\gh0st\unused\cj60lib\cj60lib\debug\shfileinfo.sbr
f:\mycode\gh0st\unused\cj60lib\cj60lib\debug\subclass.sbr
f:\mycode\gh0st\unused\cj60lib\cj60lib\debug\subclass.obj
f:\mycode\gh0st\unused\cj60lib\cj60lib\debug\shfileinfo.obj
f:\mycode\gh0st\unused\cj60lib\cj60lib\debug\shelltree.obj
f:\mycode\gh0st\unused\cj60lib\cj60lib\debug\shellpidl.obj
f:\mycode\gh0st\unused\cj60lib\cj60lib\debug\modulver.obj
f:\mycode\gh0st\unused\cj60lib\cj60lib\debug\menubar.obj
f:\mycode\gh0st\unused\cj60lib\cj60lib\debug\hyperlink.obj
f:\mycode\gh0st\unused\cj60lib\cj60lib\debug\globals.obj
f:\mycode\gh0st\unused\cj60lib\cj60lib\debug\flatbar.obj
f:\mycode\gh0st\unused\cj60lib\cj60lib\debug\fixtb.obj
f:\mycode\gh0st\unused\cj60lib\cj60lib\debug\coolmenu.obj
f:\mycode\gh0st\unused\cj60lib\cj60lib\debug\coolbar.obj
f:\mycode\gh0st\unused\cj60lib\cj60lib\debug\cjtoolbar.obj
f:\mycode\gh0st\unused\cj60lib\cj60lib\debug\cjtabview.obj
f:\mycode\gh0st\output\debug\bin\cj60libd.ilk
f:\mycode\gh0st\output\debug\bin\cj60libd.dll
f:\mycode\gh0st\output\debug\bin\cj60libd.pdb
f:\mycode\gh0st\unused\cj60lib\cj60lib\debug\cj60lib.res
f:\mycode\gh0st\unused\cj60lib\cj60lib\..\..\..\output\debug\bin\cj60libd.dll
f:\mycode\gh0st\unused\cj60lib\cj60lib\debug\cj60lib.tlog\bscmake.command.1.tlog
f:\mycode\gh0st\unused\cj60lib\cj60lib\debug\cj60lib.tlog\bscmake.read.1.tlog
f:\mycode\gh0st\unused\cj60lib\cj60lib\debug\cj60lib.tlog\bscmake.write.1.tlog
f:\mycode\gh0st\unused\cj60lib\cj60lib\debug\cj60lib.tlog\cj60lib.write.1u.tlog
f:\mycode\gh0st\unused\cj60lib\cj60lib\debug\cj60lib.tlog\cl.command.1.tlog
f:\mycode\gh0st\unused\cj60lib\cj60lib\debug\cj60lib.tlog\cl.read.1.tlog
f:\mycode\gh0st\unused\cj60lib\cj60lib\debug\cj60lib.tlog\cl.write.1.tlog
f:\mycode\gh0st\unused\cj60lib\cj60lib\debug\cj60lib.tlog\link.command.1.tlog
f:\mycode\gh0st\unused\cj60lib\cj60lib\debug\cj60lib.tlog\link.read.1.tlog
f:\mycode\gh0st\unused\cj60lib\cj60lib\debug\cj60lib.tlog\link.write.1.tlog
f:\mycode\gh0st\unused\cj60lib\cj60lib\debug\cj60lib.tlog\rc.command.1.tlog
f:\mycode\gh0st\unused\cj60lib\cj60lib\debug\cj60lib.tlog\rc.read.1.tlog
f:\mycode\gh0st\unused\cj60lib\cj60lib\debug\cj60lib.tlog\rc.write.1.tlog
